# JRE version: OpenJDK Runtime Environment (21.0.3) (build 21.0.3+-12282718-b509.11)
# Java VM: OpenJDK 64-Bit Server VM (21.0.3+-12282718-b509.11, mixed mode, tiered, compressed oops, compressed class ptrs, g1 gc, windows-amd64)
GC Precious Log:
 CardTable entry size: 512
 Card Set container configuration: InlinePtr #cards 4 size 8 Array Of Cards #cards 16 size 48 Howl #buckets 8 coarsen threshold 3686 Howl Bitmap #cards 512 size 80 coarsen threshold 460 Card regions per heap region 1 cards per card region 4096
 CPUs: 4 total, 4 available
 Memory: 3928M
 Large Page Support: Disabled
 NUMA Support: Disabled
 Compressed Oops: Enabled (Zero based)
 Heap Region Size: 2M
 Heap Min Capacity: 8M
 Heap Initial Capacity: 62M
 Heap Max Capacity: 4G
 Pre-touch: Disabled
 Parallel Workers: 4
 Concurrent Workers: 1
 Concurrent Refinement Workers: 4
 Periodic GC: Disabled
Heap:
 garbage-first heap   total 688128K, used 344064K [0x0000000700000000, 0x0000000800000000)
  region size 2048K, 78 young (159744K), 2 survivors (4096K)
 Metaspace       used 164037K, committed 166592K, reserved 1245184K
  class space    used 22168K, committed 23424K, reserved 1048576K
GC Heap History (20 events):
Event: 37.017 GC heap before
{Heap before GC invocations=49 (full 0):
 garbage-first heap   total 204800K, used 181522K [0x0000000700000000, 0x0000000800000000)
  region size 2048K, 32 young (65536K), 5 survivors (10240K)
 Metaspace       used 108752K, committed 110912K, reserved 1179648K
  class space    used 15111K, committed 16128K, reserved 1048576K
}
Event: 37.033 GC heap after
{Heap after GC invocations=50 (full 0):
 garbage-first heap   total 204800K, used 130525K [0x0000000700000000, 0x0000000800000000)
  region size 2048K, 2 young (4096K), 2 survivors (4096K)
 Metaspace       used 108752K, committed 110912K, reserved 1179648K
  class space    used 15111K, committed 16128K, reserved 1048576K
}
Event: 38.677 GC heap before
{Heap before GC invocations=50 (full 0):
 garbage-first heap   total 204800K, used 185821K [0x0000000700000000, 0x0000000800000000)
  region size 2048K, 29 young (59392K), 2 survivors (4096K)
 Metaspace       used 111264K, committed 113536K, reserved 1179648K
  class space    used 15432K, committed 16512K, reserved 1048576K
}
Event: 38.696 GC heap after
{Heap after GC invocations=51 (full 0):
 garbage-first heap   total 204800K, used 135130K [0x0000000700000000, 0x0000000800000000)
  region size 2048K, 4 young (8192K), 4 survivors (8192K)
 Metaspace       used 111264K, committed 113536K, reserved 1179648K
  class space    used 15432K, committed 16512K, reserved 1048576K
}
Event: 52.776 GC heap before
{Heap before GC invocations=52 (full 0):
 garbage-first heap   total 239616K, used 180186K [0x0000000700000000, 0x0000000800000000)
  region size 2048K, 27 young (55296K), 4 survivors (8192K)
 Metaspace       used 114725K, committed 116992K, reserved 1179648K
  class space    used 15887K, committed 17024K, reserved 1048576K
}
Event: 52.810 GC heap after
{Heap after GC invocations=53 (full 0):
 garbage-first heap   total 239616K, used 138730K [0x0000000700000000, 0x0000000800000000)
  region size 2048K, 2 young (4096K), 2 survivors (4096K)
 Metaspace       used 114725K, committed 116992K, reserved 1179648K
  class space    used 15887K, committed 17024K, reserved 1048576K
}
Event: 57.412 GC heap before
{Heap before GC invocations=53 (full 0):
 garbage-first heap   total 239616K, used 216554K [0x0000000700000000, 0x0000000800000000)
  region size 2048K, 41 young (83968K), 2 survivors (4096K)
 Metaspace       used 119613K, committed 121920K, reserved 1179648K
  class space    used 16350K, committed 17472K, reserved 1048576K
}
Event: 57.440 GC heap after
{Heap after GC invocations=54 (full 0):
 garbage-first heap   total 239616K, used 142928K [0x0000000700000000, 0x0000000800000000)
  region size 2048K, 4 young (8192K), 4 survivors (8192K)
 Metaspace       used 119613K, committed 121920K, reserved 1179648K
  class space    used 16350K, committed 17472K, reserved 1048576K
}
Event: 59.248 GC heap before
{Heap before GC invocations=54 (full 0):
 garbage-first heap   total 239616K, used 204368K [0x0000000700000000, 0x0000000800000000)
  region size 2048K, 36 young (73728K), 4 survivors (8192K)
 Metaspace       used 125009K, committed 127360K, reserved 1179648K
  class space    used 16897K, committed 18048K, reserved 1048576K
}
Event: 59.269 GC heap after
{Heap after GC invocations=55 (full 0):
 garbage-first heap   total 239616K, used 142805K [0x0000000700000000, 0x0000000800000000)
  region size 2048K, 3 young (6144K), 3 survivors (6144K)
 Metaspace       used 125009K, committed 127360K, reserved 1179648K
  class space    used 16897K, committed 18048K, reserved 1048576K
}
Event: 64.321 GC heap before
{Heap before GC invocations=56 (full 0):
 garbage-first heap   total 454656K, used 318933K [0x0000000700000000, 0x0000000800000000)
  region size 2048K, 34 young (69632K), 3 survivors (6144K)
 Metaspace       used 127754K, committed 130112K, reserved 1179648K
  class space    used 17227K, committed 18368K, reserved 1048576K
}
Event: 64.354 GC heap after
{Heap after GC invocations=57 (full 0):
 garbage-first heap   total 454656K, used 147669K [0x0000000700000000, 0x0000000800000000)
  region size 2048K, 5 young (10240K), 5 survivors (10240K)
 Metaspace       used 127754K, committed 130112K, reserved 1179648K
  class space    used 17227K, committed 18368K, reserved 1048576K
}
Event: 71.851 GC heap before
{Heap before GC invocations=57 (full 0):
 garbage-first heap   total 454656K, used 438485K [0x0000000700000000, 0x0000000800000000)
  region size 2048K, 133 young (272384K), 5 survivors (10240K)
 Metaspace       used 148035K, committed 150400K, reserved 1179648K
  class space    used 20107K, committed 21248K, reserved 1048576K
}
Event: 71.939 GC heap after
{Heap after GC invocations=58 (full 0):
 garbage-first heap   total 483328K, used 197379K [0x0000000700000000, 0x0000000800000000)
  region size 2048K, 17 young (34816K), 17 survivors (34816K)
 Metaspace       used 148035K, committed 150400K, reserved 1179648K
  class space    used 20107K, committed 21248K, reserved 1048576K
}
Event: 77.102 GC heap before
{Heap before GC invocations=58 (full 0):
 garbage-first heap   total 483328K, used 404227K [0x0000000700000000, 0x0000000800000000)
  region size 2048K, 118 young (241664K), 17 survivors (34816K)
 Metaspace       used 155223K, committed 157696K, reserved 1245184K
  class space    used 21069K, committed 22272K, reserved 1048576K
}
Event: 77.202 GC heap after
{Heap after GC invocations=59 (full 0):
 garbage-first heap   total 483328K, used 216487K [0x0000000700000000, 0x0000000800000000)
  region size 2048K, 15 young (30720K), 15 survivors (30720K)
 Metaspace       used 155223K, committed 157696K, reserved 1245184K
  class space    used 21069K, committed 22272K, reserved 1048576K
}
Event: 99.933 GC heap before
{Heap before GC invocations=59 (full 0):
 garbage-first heap   total 483328K, used 425383K [0x0000000700000000, 0x0000000800000000)
  region size 2048K, 106 young (217088K), 15 survivors (30720K)
 Metaspace       used 158965K, committed 161472K, reserved 1245184K
  class space    used 21512K, committed 22720K, reserved 1048576K
}
Event: 100.203 GC heap after
{Heap after GC invocations=60 (full 0):
 garbage-first heap   total 483328K, used 215040K [0x0000000700000000, 0x0000000800000000)
  region size 2048K, 5 young (10240K), 5 survivors (10240K)
 Metaspace       used 158965K, committed 161472K, reserved 1245184K
  class space    used 21512K, committed 22720K, reserved 1048576K
}
Event: 116.248 GC heap before
{Heap before GC invocations=61 (full 0):
 garbage-first heap   total 684032K, used 684032K [0x0000000700000000, 0x0000000800000000)
  region size 2048K, 45 young (92160K), 5 survivors (10240K)
 Metaspace       used 162653K, committed 165184K, reserved 1245184K
  class space    used 22013K, committed 23232K, reserved 1048576K
}
Event: 116.444 GC heap after
{Heap after GC invocations=62 (full 0):
 garbage-first heap   total 688128K, used 192512K [0x0000000700000000, 0x0000000800000000)
  region size 2048K, 2 young (4096K), 2 survivors (4096K)
 Metaspace       used 162653K, committed 165184K, reserved 1245184K
  class space    used 22013K, committed 23232K, reserved 1048576K
}

