# JRE version: OpenJDK Runtime Environment (21.0.3) (build 21.0.3+-12282718-b509.11)
# Java VM: OpenJDK 64-Bit Server VM (21.0.3+-12282718-b509.11, mixed mode, tiered, compressed oops, compressed class ptrs, g1 gc, windows-amd64)
GC Precious Log:
 CardTable entry size: 512
 Card Set container configuration: InlinePtr #cards 4 size 8 Array Of Cards #cards 16 size 48 Howl #buckets 8 coarsen threshold 3686 Howl Bitmap #cards 512 size 80 coarsen threshold 460 Card regions per heap region 1 cards per card region 4096
 CPUs: 4 total, 4 available
 Memory: 3928M
 Large Page Support: Disabled
 NUMA Support: Disabled
 Compressed Oops: Enabled (Zero based)
 Heap Region Size: 2M
 Heap Min Capacity: 8M
 Heap Initial Capacity: 62M
 Heap Max Capacity: 4G
 Pre-touch: Disabled
 Parallel Workers: 4
 Concurrent Workers: 1
 Concurrent Refinement Workers: 4
 Periodic GC: Disabled
Heap:
 garbage-first heap   total 479232K, used 275582K [0x0000000700000000, 0x0000000800000000)
  region size 2048K, 69 young (141312K), 0 survivors (0K)
 Metaspace       used 169372K, committed 171904K, reserved 1245184K
  class space    used 22868K, committed 24128K, reserved 1048576K
GC Heap History (20 events):
Event: 213.741 GC heap before
{Heap before GC invocations=50 (full 0):
 garbage-first heap   total 270336K, used 236998K [0x0000000700000000, 0x0000000800000000)
  region size 2048K, 42 young (86016K), 3 survivors (6144K)
 Metaspace       used 130797K, committed 133184K, reserved 1179648K
  class space    used 17602K, committed 18752K, reserved 1048576K
}
Event: 213.766 GC heap after
{Heap after GC invocations=51 (full 0):
 garbage-first heap   total 270336K, used 159948K [0x0000000700000000, 0x0000000800000000)
  region size 2048K, 4 young (8192K), 4 survivors (8192K)
 Metaspace       used 130797K, committed 133184K, reserved 1179648K
  class space    used 17602K, committed 18752K, reserved 1048576K
}
Event: 215.056 GC heap before
{Heap before GC invocations=51 (full 0):
 garbage-first heap   total 309248K, used 305356K [0x0000000700000000, 0x0000000800000000)
  region size 2048K, 20 young (40960K), 4 survivors (8192K)
 Metaspace       used 132023K, committed 134464K, reserved 1179648K
  class space    used 17772K, committed 18944K, reserved 1048576K
}
Event: 215.082 GC heap after
{Heap after GC invocations=52 (full 0):
 garbage-first heap   total 317440K, used 262945K [0x0000000700000000, 0x0000000800000000)
  region size 2048K, 4 young (8192K), 4 survivors (8192K)
 Metaspace       used 132023K, committed 134464K, reserved 1179648K
  class space    used 17772K, committed 18944K, reserved 1048576K
}
Event: 217.366 GC heap before
{Heap before GC invocations=53 (full 0):
 garbage-first heap   total 444416K, used 283425K [0x0000000700000000, 0x0000000800000000)
  region size 2048K, 15 young (30720K), 4 survivors (8192K)
 Metaspace       used 132906K, committed 135360K, reserved 1179648K
  class space    used 17863K, committed 19072K, reserved 1048576K
}
Event: 217.501 GC heap after
{Heap after GC invocations=54 (full 0):
 garbage-first heap   total 444416K, used 240748K [0x0000000700000000, 0x0000000800000000)
  region size 2048K, 2 young (4096K), 2 survivors (4096K)
 Metaspace       used 132906K, committed 135360K, reserved 1179648K
  class space    used 17863K, committed 19072K, reserved 1048576K
}
Event: 222.942 GC heap before
{Heap before GC invocations=54 (full 0):
 garbage-first heap   total 444416K, used 420972K [0x0000000700000000, 0x0000000800000000)
  region size 2048K, 84 young (172032K), 2 survivors (4096K)
 Metaspace       used 144912K, committed 147392K, reserved 1179648K
  class space    used 19444K, committed 20608K, reserved 1048576K
}
Event: 223.132 GC heap after
{Heap after GC invocations=55 (full 0):
 garbage-first heap   total 538624K, used 183537K [0x0000000700000000, 0x0000000800000000)
  region size 2048K, 9 young (18432K), 9 survivors (18432K)
 Metaspace       used 144912K, committed 147392K, reserved 1179648K
  class space    used 19444K, committed 20608K, reserved 1048576K
}
Event: 228.278 GC heap before
{Heap before GC invocations=55 (full 0):
 garbage-first heap   total 538624K, used 460017K [0x0000000700000000, 0x0000000800000000)
  region size 2048K, 136 young (278528K), 9 survivors (18432K)
 Metaspace       used 161288K, committed 163776K, reserved 1245184K
  class space    used 21864K, committed 23040K, reserved 1048576K
}
Event: 228.395 GC heap after
{Heap after GC invocations=56 (full 0):
 garbage-first heap   total 538624K, used 223061K [0x0000000700000000, 0x0000000800000000)
  region size 2048K, 17 young (34816K), 17 survivors (34816K)
 Metaspace       used 161288K, committed 163776K, reserved 1245184K
  class space    used 21864K, committed 23040K, reserved 1048576K
}
Event: 228.423 GC heap before
{Heap before GC invocations=56 (full 0):
 garbage-first heap   total 538624K, used 225109K [0x0000000700000000, 0x0000000800000000)
  region size 2048K, 18 young (36864K), 17 survivors (34816K)
 Metaspace       used 161288K, committed 163776K, reserved 1245184K
  class space    used 21864K, committed 23040K, reserved 1048576K
}
Event: 228.506 GC heap after
{Heap after GC invocations=57 (full 0):
 garbage-first heap   total 538624K, used 228981K [0x0000000700000000, 0x0000000800000000)
  region size 2048K, 2 young (4096K), 2 survivors (4096K)
 Metaspace       used 161288K, committed 163776K, reserved 1245184K
  class space    used 21864K, committed 23040K, reserved 1048576K
}
Event: 230.553 GC heap before
{Heap before GC invocations=57 (full 0):
 garbage-first heap   total 538624K, used 280181K [0x0000000700000000, 0x0000000800000000)
  region size 2048K, 29 young (59392K), 2 survivors (4096K)
 Metaspace       used 162271K, committed 164800K, reserved 1245184K
  class space    used 21974K, committed 23168K, reserved 1048576K
}
Event: 230.577 GC heap after
{Heap after GC invocations=58 (full 0):
 garbage-first heap   total 538624K, used 230409K [0x0000000700000000, 0x0000000800000000)
  region size 2048K, 3 young (6144K), 3 survivors (6144K)
 Metaspace       used 162271K, committed 164800K, reserved 1245184K
  class space    used 21974K, committed 23168K, reserved 1048576K
}
Event: 251.569 GC heap before
{Heap before GC invocations=59 (full 0):
 garbage-first heap   total 538624K, used 470025K [0x0000000700000000, 0x0000000800000000)
  region size 2048K, 108 young (221184K), 3 survivors (6144K)
 Metaspace       used 166812K, committed 169344K, reserved 1245184K
  class space    used 22544K, committed 23744K, reserved 1048576K
}
Event: 251.630 GC heap after
{Heap after GC invocations=60 (full 0):
 garbage-first heap   total 538624K, used 244416K [0x0000000700000000, 0x0000000800000000)
  region size 2048K, 7 young (14336K), 7 survivors (14336K)
 Metaspace       used 166812K, committed 169344K, reserved 1245184K
  class space    used 22544K, committed 23744K, reserved 1048576K
}
Event: 264.885 GC heap before
{Heap before GC invocations=60 (full 0):
 garbage-first heap   total 706560K, used 703168K [0x0000000700000000, 0x0000000800000000)
  region size 2048K, 37 young (75776K), 7 survivors (14336K)
 Metaspace       used 168727K, committed 171328K, reserved 1245184K
  class space    used 22817K, committed 24064K, reserved 1048576K
}
Event: 265.133 GC heap after
{Heap after GC invocations=61 (full 0):
 garbage-first heap   total 718848K, used 355353K [0x0000000700000000, 0x0000000800000000)
  region size 2048K, 1 young (2048K), 1 survivors (2048K)
 Metaspace       used 168727K, committed 171328K, reserved 1245184K
  class space    used 22817K, committed 24064K, reserved 1048576K
}
Event: 3833.801 GC heap before
{Heap before GC invocations=61 (full 0):
 garbage-first heap   total 718848K, used 447513K [0x0000000700000000, 0x0000000800000000)
  region size 2048K, 48 young (98304K), 1 survivors (2048K)
 Metaspace       used 169248K, committed 171840K, reserved 1245184K
  class space    used 22864K, committed 24128K, reserved 1048576K
}
Event: 3837.125 GC heap after
{Heap after GC invocations=62 (full 1):
 garbage-first heap   total 479232K, used 138366K [0x0000000700000000, 0x0000000800000000)
  region size 2048K, 0 young (0K), 0 survivors (0K)
 Metaspace       used 169248K, committed 171840K, reserved 1245184K
  class space    used 22864K, committed 24128K, reserved 1048576K
}

