# JRE version: OpenJDK Runtime Environment (21.0.3) (build 21.0.3+-12282718-b509.11)
# Java VM: OpenJDK 64-Bit Server VM (21.0.3+-12282718-b509.11, mixed mode, tiered, compressed oops, compressed class ptrs, g1 gc, windows-amd64)
GC Precious Log:
 CardTable entry size: 512
 Card Set container configuration: InlinePtr #cards 4 size 8 Array Of Cards #cards 16 size 48 Howl #buckets 8 coarsen threshold 3686 Howl Bitmap #cards 512 size 80 coarsen threshold 460 Card regions per heap region 1 cards per card region 4096
 CPUs: 4 total, 4 available
 Memory: 3928M
 Large Page Support: Disabled
 NUMA Support: Disabled
 Compressed Oops: Enabled (Zero based)
 Heap Region Size: 2M
 Heap Min Capacity: 8M
 Heap Initial Capacity: 62M
 Heap Max Capacity: 4G
 Pre-touch: Disabled
 Parallel Workers: 4
 Concurrent Workers: 1
 Concurrent Refinement Workers: 4
 Periodic GC: Disabled
Heap:
 garbage-first heap   total 96256K, used 61627K [0x0000000700000000, 0x0000000800000000)
  region size 2048K, 3 young (6144K), 2 survivors (4096K)
 Metaspace       used 73595K, committed 75456K, reserved 1114112K
  class space    used 10231K, committed 11136K, reserved 1048576K
GC Heap History (20 events):
Event: 41.208 GC heap before
{Heap before GC invocations=21 (full 0):
 garbage-first heap   total 65536K, used 54226K [0x0000000700000000, 0x0000000800000000)
  region size 2048K, 11 young (22528K), 2 survivors (4096K)
 Metaspace       used 58166K, committed 59776K, reserved 1114112K
  class space    used 7971K, committed 8768K, reserved 1048576K
}
Event: 41.219 GC heap after
{Heap after GC invocations=22 (full 0):
 garbage-first heap   total 65536K, used 37096K [0x0000000700000000, 0x0000000800000000)
  region size 2048K, 2 young (4096K), 2 survivors (4096K)
 Metaspace       used 58166K, committed 59776K, reserved 1114112K
  class space    used 7971K, committed 8768K, reserved 1048576K
}
Event: 42.312 GC heap before
{Heap before GC invocations=23 (full 0):
 garbage-first heap   total 69632K, used 53480K [0x0000000700000000, 0x0000000800000000)
  region size 2048K, 10 young (20480K), 2 survivors (4096K)
 Metaspace       used 59825K, committed 61504K, reserved 1114112K
  class space    used 8244K, committed 9024K, reserved 1048576K
}
Event: 42.331 GC heap after
{Heap after GC invocations=24 (full 0):
 garbage-first heap   total 69632K, used 37871K [0x0000000700000000, 0x0000000800000000)
  region size 2048K, 2 young (4096K), 2 survivors (4096K)
 Metaspace       used 59825K, committed 61504K, reserved 1114112K
  class space    used 8244K, committed 9024K, reserved 1048576K
}
Event: 43.441 GC heap before
{Heap before GC invocations=24 (full 0):
 garbage-first heap   total 69632K, used 56303K [0x0000000700000000, 0x0000000800000000)
  region size 2048K, 11 young (22528K), 2 survivors (4096K)
 Metaspace       used 62173K, committed 63808K, reserved 1114112K
  class space    used 8567K, committed 9344K, reserved 1048576K
}
Event: 43.451 GC heap after
{Heap after GC invocations=25 (full 0):
 garbage-first heap   total 69632K, used 38142K [0x0000000700000000, 0x0000000800000000)
  region size 2048K, 2 young (4096K), 2 survivors (4096K)
 Metaspace       used 62173K, committed 63808K, reserved 1114112K
  class space    used 8567K, committed 9344K, reserved 1048576K
}
Event: 44.099 GC heap before
{Heap before GC invocations=25 (full 0):
 garbage-first heap   total 69632K, used 54526K [0x0000000700000000, 0x0000000800000000)
  region size 2048K, 11 young (22528K), 2 survivors (4096K)
 Metaspace       used 64674K, committed 66432K, reserved 1114112K
  class space    used 8895K, committed 9792K, reserved 1048576K
}
Event: 44.110 GC heap after
{Heap after GC invocations=26 (full 0):
 garbage-first heap   total 69632K, used 39013K [0x0000000700000000, 0x0000000800000000)
  region size 2048K, 2 young (4096K), 2 survivors (4096K)
 Metaspace       used 64674K, committed 66432K, reserved 1114112K
  class space    used 8895K, committed 9792K, reserved 1048576K
}
Event: 44.931 GC heap before
{Heap before GC invocations=27 (full 0):
 garbage-first heap   total 71680K, used 55397K [0x0000000700000000, 0x0000000800000000)
  region size 2048K, 11 young (22528K), 2 survivors (4096K)
 Metaspace       used 66670K, committed 68416K, reserved 1114112K
  class space    used 9155K, committed 10048K, reserved 1048576K
}
Event: 44.938 GC heap after
{Heap after GC invocations=28 (full 0):
 garbage-first heap   total 71680K, used 39809K [0x0000000700000000, 0x0000000800000000)
  region size 2048K, 2 young (4096K), 2 survivors (4096K)
 Metaspace       used 66670K, committed 68416K, reserved 1114112K
  class space    used 9155K, committed 10048K, reserved 1048576K
}
Event: 45.392 GC heap before
{Heap before GC invocations=28 (full 0):
 garbage-first heap   total 71680K, used 58241K [0x0000000700000000, 0x0000000800000000)
  region size 2048K, 11 young (22528K), 2 survivors (4096K)
 Metaspace       used 68814K, committed 70528K, reserved 1114112K
  class space    used 9501K, committed 10368K, reserved 1048576K
}
Event: 45.399 GC heap after
{Heap after GC invocations=29 (full 0):
 garbage-first heap   total 71680K, used 40923K [0x0000000700000000, 0x0000000800000000)
  region size 2048K, 2 young (4096K), 2 survivors (4096K)
 Metaspace       used 68814K, committed 70528K, reserved 1114112K
  class space    used 9501K, committed 10368K, reserved 1048576K
}
Event: 45.933 GC heap before
{Heap before GC invocations=30 (full 0):
 garbage-first heap   total 79872K, used 59355K [0x0000000700000000, 0x0000000800000000)
  region size 2048K, 11 young (22528K), 2 survivors (4096K)
 Metaspace       used 70538K, committed 72256K, reserved 1114112K
  class space    used 9806K, committed 10688K, reserved 1048576K
}
Event: 45.946 GC heap after
{Heap after GC invocations=31 (full 0):
 garbage-first heap   total 79872K, used 42145K [0x0000000700000000, 0x0000000800000000)
  region size 2048K, 2 young (4096K), 2 survivors (4096K)
 Metaspace       used 70538K, committed 72256K, reserved 1114112K
  class space    used 9806K, committed 10688K, reserved 1048576K
}
Event: 47.370 GC heap before
{Heap before GC invocations=31 (full 0):
 garbage-first heap   total 79872K, used 64673K [0x0000000700000000, 0x0000000800000000)
  region size 2048K, 14 young (28672K), 2 survivors (4096K)
 Metaspace       used 72771K, committed 74496K, reserved 1114112K
  class space    used 10154K, committed 11008K, reserved 1048576K
}
Event: 47.389 GC heap after
{Heap after GC invocations=32 (full 0):
 garbage-first heap   total 79872K, used 44937K [0x0000000700000000, 0x0000000800000000)
  region size 2048K, 2 young (4096K), 2 survivors (4096K)
 Metaspace       used 72771K, committed 74496K, reserved 1114112K
  class space    used 10154K, committed 11008K, reserved 1048576K
}
Event: 47.999 GC heap before
{Heap before GC invocations=32 (full 0):
 garbage-first heap   total 79872K, used 57225K [0x0000000700000000, 0x0000000800000000)
  region size 2048K, 10 young (20480K), 2 survivors (4096K)
 Metaspace       used 73072K, committed 74880K, reserved 1114112K
  class space    used 10165K, committed 11072K, reserved 1048576K
}
Event: 48.010 GC heap after
{Heap after GC invocations=33 (full 0):
 garbage-first heap   total 79872K, used 47436K [0x0000000700000000, 0x0000000800000000)
  region size 2048K, 2 young (4096K), 2 survivors (4096K)
 Metaspace       used 73072K, committed 74880K, reserved 1114112K
  class space    used 10165K, committed 11072K, reserved 1048576K
}
Event: 49.040 GC heap before
{Heap before GC invocations=34 (full 0):
 garbage-first heap   total 96256K, used 69964K [0x0000000700000000, 0x0000000800000000)
  region size 2048K, 11 young (22528K), 2 survivors (4096K)
 Metaspace       used 73562K, committed 75392K, reserved 1114112K
  class space    used 10226K, committed 11136K, reserved 1048576K
}
Event: 49.047 GC heap after
{Heap after GC invocations=35 (full 0):
 garbage-first heap   total 96256K, used 61627K [0x0000000700000000, 0x0000000800000000)
  region size 2048K, 2 young (4096K), 2 survivors (4096K)
 Metaspace       used 73562K, committed 75392K, reserved 1114112K
  class space    used 10226K, committed 11136K, reserved 1048576K
}

